<?xml version="1.0" encoding="UTF-8"?>
<!-- Generated by org.testng.reporters.JUnitReportReporter -->
<testsuite hostname="DESKTOP-P0TR51Q" failures="0" tests="1" name="com.testing.LaunchUrl" time="6.914" errors="0" timestamp="2025-03-27T13:06:57 IST" skipped="0">
  <testcase classname="com.testing.LaunchUrl" name="collectingAListOfElements" time="6.914"/>
  <system-out/>
</testsuite> <!-- com.testing.LaunchUrl -->
